#-----------------------------------------------------------
# Vivado v2014.2 (64-bit)
# SW Build 932637 on Wed Jun 11 13:33:10 MDT 2014
# IP Build 924643 on Fri May 30 09:20:16 MDT 2014
# Start of session at: Tue May 29 22:14:41 2018
# Process ID: 17524
# Log file: D:/Vivado_Project/CPU_Basys/vivado.log
# Journal file: D:/Vivado_Project/CPU_Basys\vivado.jou
#-----------------------------------------------------------
start_gui
open_project {D:\Vivado_Project\CPU_Basys\CPU_Basys.xpr}
CRITICAL WARNING: [Project 1-19] Could not find the file 'D:/Vivado_Project/CPU_Basys/CPU_Basys.srcs/sources_1/new/7_SegLED.v'.
CRITICAL WARNING: [Project 1-19] Could not find the file 'D:/Vivado_Project/CPU_Basys/CPU_Basys.srcs/sources_1/imports/new/SegLED.v'.
Scanning sources...
Finished scanning sources
update_compile_order -fileset sources_1
remove_files D:/Vivado_Project/CPU_Basys/CPU_Basys.srcs/sources_1/new/7_SegLED.v
remove_files D:/Vivado_Project/CPU_Basys/CPU_Basys.srcs/sources_1/imports/new/SegLED.v
import_files -norecurse D:/Vivado_Project/CPU_Basys/CPU_Basys.srcs/sources_1/new/SegLED.v
update_compile_order -fileset sources_1
exit
INFO: [Common 17-206] Exiting Vivado at Tue May 29 22:27:47 2018...
