#-----------------------------------------------------------
# Vivado v2014.2 (64-bit)
# SW Build 932637 on Wed Jun 11 13:33:10 MDT 2014
# IP Build 924643 on Fri May 30 09:20:16 MDT 2014
# Start of session at: Fri May 25 18:57:11 2018
# Process ID: 15000
# Log file: D:/Vivado_Project/CPU/vivado.log
# Journal file: D:/Vivado_Project/CPU\vivado.jou
#-----------------------------------------------------------
start_gui
open_project {D:\Vivado_Project\CPU\CPU.xpr}
Scanning sources...
Finished scanning sources
open_project: Time (s): cpu = 00:00:08 ; elapsed = 00:00:06 . Memory (MB): peak = 810.512 ; gain = 55.914
update_compile_order -fileset sources_1
close [ open D:/Vivado_Project/CPU/CPU.srcs/sources_1/new/ControlUnit.v w ]
add_files D:/Vivado_Project/CPU/CPU.srcs/sources_1/new/ControlUnit.v
update_compile_order -fileset sources_1
close [ open D:/Vivado_Project/CPU/CPU.srcs/sources_1/new/SingleCPU.v w ]
add_files D:/Vivado_Project/CPU/CPU.srcs/sources_1/new/SingleCPU.v
update_compile_order -fileset sources_1
set_property top SingleCPU [current_fileset]
update_compile_order -fileset sources_1
update_compile_order -fileset sources_1
update_compile_order -fileset sim_1
update_compile_order -fileset sources_1
update_compile_order -fileset sources_1
update_compile_order -fileset sources_1
update_compile_order -fileset sim_1
update_compile_order -fileset sources_1
update_compile_order -fileset sources_1
update_compile_order -fileset sources_1
update_compile_order -fileset sim_1
update_compile_order -fileset sources_1
update_compile_order -fileset sources_1
update_compile_order -fileset sources_1
update_compile_order -fileset sim_1
update_compile_order -fileset sources_1
update_compile_order -fileset sources_1
update_compile_order -fileset sim_1
update_compile_order -fileset sources_1
update_compile_order -fileset sources_1
update_compile_order -fileset sources_1
update_compile_order -fileset sources_1
exit
INFO: [Common 17-206] Exiting Vivado at Fri May 25 21:33:07 2018...
